[2026-03-28T00:00:57.889Z] GET /api/bookings - User: unauthenticated
[2026-03-28T00:00:57.952Z] GET /api/bookings - User: unauthenticated
[2026-03-28T00:01:02.370Z] GET /api/bookings - User: unauthenticated
[2026-03-28T00:01:02.441Z] GET /api/bookings - User: unauthenticated
[2026-03-28T00:01:08.417Z] GET /api/auth/users - User: unauthenticated
[2026-03-28T00:01:08.424Z] GET /api/vehicles - User: unauthenticated
[2026-03-28T00:01:08.431Z] GET /api/drivers - User: unauthenticated
[2026-03-28T13:32:43.408Z] GET /api/bookings - User: unauthenticated
[2026-03-28T13:32:43.474Z] GET /api/dashboard - User: unauthenticated
[2026-03-28T13:32:43.553Z] GET /api/bookings - User: unauthenticated
[2026-03-28T13:32:43.573Z] GET /api/dashboard - User: unauthenticated
[2026-03-28T13:32:43.600Z] GET /api/bookings - User: unauthenticated
[2026-03-28T13:32:43.635Z] GET /api/bookings - User: unauthenticated
[2026-03-28T13:33:56.752Z] GET /api/bookings - User: unauthenticated
[2026-03-28T13:33:56.775Z] GET /api/dashboard - User: unauthenticated
[2026-03-28T13:33:56.839Z] GET /api/dashboard - User: unauthenticated
[2026-03-28T13:33:56.847Z] GET /api/bookings - User: unauthenticated
[2026-03-28T13:33:56.872Z] GET /api/bookings - User: unauthenticated
[2026-03-28T13:33:56.896Z] GET /api/bookings - User: unauthenticated
[2026-03-28T13:33:58.179Z] GET /api/bookings - User: unauthenticated
[2026-03-28T13:33:58.187Z] GET /api/dashboard - User: unauthenticated
[2026-03-28T13:33:58.227Z] GET /api/dashboard - User: unauthenticated
[2026-03-28T13:33:58.238Z] GET /api/bookings - User: unauthenticated
[2026-03-28T13:33:58.279Z] GET /api/bookings - User: unauthenticated
[2026-03-28T13:33:58.298Z] GET /api/bookings - User: unauthenticated
[2026-03-28T13:33:59.622Z] GET /api/bookings - User: unauthenticated
[2026-03-28T13:33:59.631Z] GET /api/dashboard - User: unauthenticated
[2026-03-28T13:33:59.670Z] GET /api/dashboard - User: unauthenticated
[2026-03-28T13:33:59.681Z] GET /api/bookings - User: unauthenticated
[2026-03-28T13:33:59.724Z] GET /api/bookings - User: unauthenticated
[2026-03-28T13:33:59.746Z] GET /api/bookings - User: unauthenticated
[2026-03-28T13:34:01.180Z] GET /api/bookings - User: unauthenticated
[2026-03-28T13:34:01.217Z] GET /api/bookings - User: unauthenticated
[2026-03-28T13:34:02.731Z] GET /api/approvals/my - User: unauthenticated
[2026-03-28T13:34:02.755Z] GET /api/approvals/my - User: unauthenticated
[2026-03-28T13:34:04.193Z] GET /api/vehicles - User: unauthenticated
[2026-03-28T13:34:04.210Z] GET /api/vehicles - User: unauthenticated
[2026-03-28T13:34:05.569Z] GET /api/bookings - User: unauthenticated
[2026-03-28T13:34:05.582Z] GET /api/dashboard - User: unauthenticated
[2026-03-28T13:34:05.625Z] GET /api/bookings - User: unauthenticated
[2026-03-28T13:34:05.640Z] GET /api/dashboard - User: unauthenticated
[2026-03-28T13:34:05.650Z] GET /api/bookings - User: unauthenticated
[2026-03-28T13:34:05.674Z] GET /api/bookings - User: unauthenticated
[2026-03-28T13:35:07.800Z] GET /api/bookings - User: unauthenticated
[2026-03-28T13:35:07.823Z] GET /api/dashboard - User: unauthenticated
[2026-03-28T13:35:07.911Z] GET /api/dashboard - User: unauthenticated
[2026-03-28T13:35:07.921Z] GET /api/bookings - User: unauthenticated
[2026-03-28T13:35:08.001Z] GET /api/bookings - User: unauthenticated
[2026-03-28T13:35:08.063Z] GET /api/bookings - User: unauthenticated
[2026-03-28T13:35:08.753Z] GET /api/bookings - User: unauthenticated
[2026-03-28T13:35:08.761Z] GET /api/dashboard - User: unauthenticated
[2026-03-28T13:35:08.794Z] GET /api/bookings - User: unauthenticated
[2026-03-28T13:35:08.810Z] GET /api/dashboard - User: unauthenticated
[2026-03-28T13:35:08.822Z] GET /api/bookings - User: unauthenticated
[2026-03-28T13:35:08.850Z] GET /api/bookings - User: unauthenticated
[2026-03-28T13:36:54.861Z] GET /api/approvals/my - User: unauthenticated
[2026-03-28T13:36:54.904Z] GET /api/approvals/my - User: unauthenticated
[2026-03-28T13:36:56.480Z] GET /api/bookings - User: unauthenticated
[2026-03-28T13:36:56.519Z] GET /api/bookings - User: unauthenticated
[2026-03-28T13:36:57.426Z] GET /api/bookings - User: unauthenticated
[2026-03-28T13:36:57.437Z] GET /api/dashboard - User: unauthenticated
[2026-03-28T13:36:57.486Z] GET /api/bookings - User: unauthenticated
[2026-03-28T13:36:57.500Z] GET /api/dashboard - User: unauthenticated
[2026-03-28T13:37:30.934Z] GET /api/bookings - User: unauthenticated
[2026-03-28T13:37:30.998Z] GET /api/bookings - User: unauthenticated
[2026-03-28T13:37:33.237Z] GET /api/reports/export? - User: unauthenticated
[2026-03-28T13:37:44.222Z] GET /api/logs?date=2026-03-28 - User: unauthenticated
[2026-03-28T13:37:44.232Z] GET /api/logs?date=2026-03-28 - User: unauthenticated
[2026-03-28T13:47:03.725Z] GET /api/bookings - User: unauthenticated
[2026-03-28T13:47:03.893Z] GET /api/bookings - User: unauthenticated
[2026-03-28T13:47:04.797Z] GET /api/bookings - User: unauthenticated
[2026-03-28T13:47:04.844Z] GET /api/dashboard - User: unauthenticated
[2026-03-28T13:47:04.877Z] GET /api/bookings - User: unauthenticated
[2026-03-28T13:47:04.940Z] GET /api/bookings - User: unauthenticated
[2026-03-28T13:47:04.966Z] GET /api/dashboard - User: unauthenticated
[2026-03-28T13:47:04.976Z] GET /api/bookings - User: unauthenticated
[2026-03-28T13:47:06.330Z] GET /api/bookings - User: unauthenticated
[2026-03-28T13:47:06.344Z] GET /api/dashboard - User: unauthenticated
[2026-03-28T13:47:06.399Z] GET /api/bookings - User: unauthenticated
[2026-03-28T13:47:06.415Z] GET /api/dashboard - User: unauthenticated
[2026-03-28T13:47:06.448Z] GET /api/bookings - User: unauthenticated
[2026-03-28T13:47:06.473Z] GET /api/bookings - User: unauthenticated
[2026-03-28T13:47:56.913Z] GET /api/bookings - User: unauthenticated
[2026-03-28T13:47:56.922Z] GET /api/dashboard - User: unauthenticated
[2026-03-28T13:47:56.969Z] GET /api/bookings - User: unauthenticated
[2026-03-28T13:47:56.978Z] GET /api/dashboard - User: unauthenticated
[2026-03-28T13:47:57.014Z] GET /api/bookings - User: unauthenticated
[2026-03-28T13:47:57.058Z] GET /api/bookings - User: unauthenticated
[2026-03-28T13:47:59.986Z] GET /api/drivers - User: unauthenticated
[2026-03-28T13:48:00.009Z] GET /api/drivers - User: unauthenticated
[2026-03-28T13:48:02.433Z] GET /api/dashboard - User: unauthenticated
[2026-03-28T13:48:02.445Z] GET /api/bookings - User: unauthenticated
[2026-03-28T13:48:02.492Z] GET /api/dashboard - User: unauthenticated
[2026-03-28T13:48:02.504Z] GET /api/bookings - User: unauthenticated
[2026-03-28T13:48:03.294Z] GET /api/bookings - User: unauthenticated
[2026-03-28T13:48:03.340Z] GET /api/bookings - User: unauthenticated
[2026-03-28T13:48:04.225Z] GET /api/approvals/my - User: unauthenticated
[2026-03-28T13:48:04.243Z] GET /api/approvals/my - User: unauthenticated
[2026-03-28T13:48:05.119Z] GET /api/vehicles - User: unauthenticated
[2026-03-28T13:48:05.131Z] GET /api/vehicles - User: unauthenticated
[2026-03-28T13:48:06.068Z] GET /api/drivers - User: unauthenticated
[2026-03-28T13:48:06.081Z] GET /api/drivers - User: unauthenticated
[2026-03-28T13:48:06.944Z] GET /api/bookings - User: unauthenticated
[2026-03-28T13:48:06.997Z] GET /api/bookings - User: unauthenticated
[2026-03-28T13:48:07.847Z] GET /api/logs?date=2026-03-28 - User: unauthenticated
[2026-03-28T13:48:07.861Z] GET /api/logs?date=2026-03-28 - User: unauthenticated
[2026-03-28T13:48:27.504Z] GET /api/drivers - User: unauthenticated
[2026-03-28T13:48:27.525Z] GET /api/drivers - User: unauthenticated
[2026-03-28T13:48:37.111Z] POST /api/drivers - User: unauthenticated
[2026-03-28T13:48:37.163Z] GET /api/drivers - User: unauthenticated
[2026-03-28T13:48:39.828Z] GET /api/logs?date=2026-03-28 - User: unauthenticated
[2026-03-28T13:48:39.847Z] GET /api/logs?date=2026-03-28 - User: unauthenticated
[2026-03-28T13:56:17.675Z] POST /api/auth/register - User: unauthenticated
[2026-03-28T13:56:31.664Z] POST /api/auth/register - User: unauthenticated
[2026-03-28T13:58:29.127Z] GET /api/logs?date=2026-03-28 - User: unauthenticated
[2026-03-28T13:58:29.161Z] GET /api/logs?date=2026-03-28 - User: unauthenticated
[2026-03-28T13:58:29.169Z] GET /api/bookings - User: unauthenticated
[2026-03-28T13:58:29.249Z] GET /api/bookings - User: unauthenticated
[2026-03-28T13:58:31.199Z] GET /api/logs?date=2026-03-28 - User: unauthenticated
[2026-03-28T13:58:31.205Z] GET /api/bookings - User: unauthenticated
[2026-03-28T13:58:31.215Z] GET /api/logs?date=2026-03-28 - User: unauthenticated
[2026-03-28T13:58:31.244Z] GET /api/bookings - User: unauthenticated
[2026-03-28T13:58:49.154Z] GET /api/logs?date=2026-03-28 - User: unauthenticated
[2026-03-28T13:58:49.163Z] GET /api/logs?date=2026-03-28 - User: unauthenticated
[2026-03-28T13:58:49.170Z] GET /api/bookings - User: unauthenticated
[2026-03-28T13:58:49.208Z] GET /api/bookings - User: unauthenticated
