[2026-03-27T22:43:25.120Z] POST /api/auth/register - User: unauthenticated
[2026-03-27T22:44:45.164Z] POST /api/auth/login - User: unauthenticated
[2026-03-27T22:48:38.875Z] POST /api/vehicles - User: unauthenticated
[2026-03-27T22:48:59.909Z] POST /api/drivers - User: unauthenticated
[2026-03-27T22:54:04.023Z] POST /api/auth/register - User: unauthenticated
[2026-03-27T22:54:49.313Z] POST /api/bookings - User: unauthenticated
[2026-03-27T22:57:37.132Z] POST /api/auth/login - User: unauthenticated
[2026-03-27T22:58:49.526Z] PATCH /api/approvals/1 - User: unauthenticated
[2026-03-27T23:00:46.538Z] POST /api/bookings - User: unauthenticated
[2026-03-27T23:02:18.473Z] POST /api/auth/register - User: unauthenticated
[2026-03-27T23:02:58.158Z] GET /api/auth/me - User: unauthenticated
[2026-03-27T23:03:34.580Z] POST /api/bookings - User: unauthenticated
[2026-03-27T23:05:40.097Z] POST /api/approvals/1 - User: unauthenticated
[2026-03-27T23:05:44.912Z] PATCH /api/approvals/1 - User: unauthenticated
[2026-03-27T23:12:24.958Z] PATCH /api/dashboard - User: unauthenticated
[2026-03-27T23:12:29.566Z] GET /api/dashboard - User: unauthenticated
[2026-03-27T23:12:49.287Z] GET /api/reports/export - User: unauthenticated
[2026-03-27T23:13:23.653Z] GET /api/reports/export?start_date=2026-01-01&end_date=2026-12-31 - User: unauthenticated
[2026-03-27T23:18:10.575Z] GET /api/reports/export - User: unauthenticated
[2026-03-27T23:18:38.646Z] GET /api/reports/export - User: unauthenticated
[2026-03-27T23:19:54.487Z] PATCH /api/approvals/1 - User: unauthenticated
[2026-03-27T23:21:07.481Z] PATCH /api/approvals/my - User: unauthenticated
[2026-03-27T23:21:17.837Z] GET /api/approvals/my - User: unauthenticated
[2026-03-27T23:27:54.347Z] PATCH /api/approvals/5 - User: unauthenticated
[2026-03-27T23:56:27.945Z] POST /api/auth/register - User: unauthenticated
[2026-03-27T23:56:52.421Z] POST /api/auth/login - User: unauthenticated
[2026-03-27T23:56:52.776Z] GET /api/bookings - User: unauthenticated
[2026-03-27T23:56:52.819Z] GET /api/dashboard - User: unauthenticated
[2026-03-27T23:56:52.871Z] GET /api/bookings - User: unauthenticated
[2026-03-27T23:56:52.921Z] GET /api/bookings - User: unauthenticated
[2026-03-27T23:56:52.941Z] GET /api/dashboard - User: unauthenticated
[2026-03-27T23:56:52.962Z] GET /api/bookings - User: unauthenticated
[2026-03-27T23:57:40.826Z] GET /api/dashboard - User: unauthenticated
[2026-03-27T23:57:40.849Z] GET /api/bookings - User: unauthenticated
[2026-03-27T23:57:40.913Z] GET /api/dashboard - User: unauthenticated
[2026-03-27T23:57:40.927Z] GET /api/bookings - User: unauthenticated
[2026-03-27T23:57:48.174Z] GET /api/dashboard - User: unauthenticated
[2026-03-27T23:57:48.183Z] GET /api/bookings - User: unauthenticated
[2026-03-27T23:57:48.217Z] GET /api/dashboard - User: unauthenticated
[2026-03-27T23:57:48.249Z] GET /api/bookings - User: unauthenticated
[2026-03-27T23:57:51.197Z] GET /api/bookings - User: unauthenticated
[2026-03-27T23:57:51.204Z] GET /api/dashboard - User: unauthenticated
[2026-03-27T23:57:51.210Z] GET /api/bookings - User: unauthenticated
[2026-03-27T23:57:51.248Z] GET /api/bookings - User: unauthenticated
[2026-03-27T23:57:51.261Z] GET /api/dashboard - User: unauthenticated
[2026-03-27T23:57:51.268Z] GET /api/bookings - User: unauthenticated
[2026-03-27T23:58:01.559Z] GET /api/bookings - User: unauthenticated
[2026-03-27T23:58:01.573Z] GET /api/dashboard - User: unauthenticated
[2026-03-27T23:58:01.645Z] GET /api/bookings - User: unauthenticated
[2026-03-27T23:58:01.665Z] GET /api/bookings - User: unauthenticated
[2026-03-27T23:58:01.674Z] GET /api/dashboard - User: unauthenticated
[2026-03-27T23:58:01.690Z] GET /api/bookings - User: unauthenticated
